[2024/21/25 12:21:15] [NOT FOUND] [/home/abhi/praktikum_tka_no.2/genshin_character/Albedo.txt]
[2024/21/25 12:21:15] [NOT FOUND] [/home/abhi/praktikum_tka_no.2/genshin_character/Alhaitham.txt]
[2024/21/25 12:21:15] [NOT FOUND] [/home/abhi/praktikum_tka_no.2/genshin_character/Arataki Itto.txt]
[2024/21/25 12:21:15] [NOT FOUND] [/home/abhi/praktikum_tka_no.2/genshin_character/Ayaka.txt]
[2024/21/25 12:21:15] [NOT FOUND] [/home/abhi/praktikum_tka_no.2/genshin_character/Ayato.txt]
[2024/21/25 12:21:15] [NOT FOUND] [/home/abhi/praktikum_tka_no.2/genshin_character/Baizhu.txt]
[2024/21/25 12:21:15] [NOT FOUND] [/home/abhi/praktikum_tka_no.2/genshin_character/Barbara.txt]
[2024/21/25 12:21:15] [NOT FOUND] [/home/abhi/praktikum_tka_no.2/genshin_character/Bennett.txt]
[2024/21/25 12:21:15] [NOT FOUND] [/home/abhi/praktikum_tka_no.2/genshin_character/Chongyun.txt]
[2024/21/25 12:21:15] [NOT FOUND] [/home/abhi/praktikum_tka_no.2/genshin_character/Collei.txt]
[2024/21/25 12:21:15] [NOT FOUND] [/home/abhi/praktikum_tka_no.2/genshin_character/Cyno.txt]
[2024/21/25 12:21:15] [NOT FOUND] [/home/abhi/praktikum_tka_no.2/genshin_character/Diluc.txt]
[2024/21/25 12:21:15] [NOT FOUND] [/home/abhi/praktikum_tka_no.2/genshin_character/Diona.txt]
[2024/21/25 12:21:15] [NOT FOUND] [/home/abhi/praktikum_tka_no.2/genshin_character/Faruzan.txt]
[2024/21/25 12:21:15] [NOT FOUND] [/home/abhi/praktikum_tka_no.2/genshin_character/Fischl.txt]
[2024/21/25 12:21:15] [NOT FOUND] [/home/abhi/praktikum_tka_no.2/genshin_character/Ganyu.txt]
[2024/21/25 12:21:15] [NOT FOUND] [/home/abhi/praktikum_tka_no.2/genshin_character/Hu Tao.txt]
[2024/21/25 12:21:15] [NOT FOUND] [/home/abhi/praktikum_tka_no.2/genshin_character/Kaedehara Kazuha.txt]
[2024/21/25 12:21:15] [NOT FOUND] [/home/abhi/praktikum_tka_no.2/genshin_character/Kaveh.txt]
[2024/21/25 12:21:15] [NOT FOUND] [/home/abhi/praktikum_tka_no.2/genshin_character/Keqing.txt]
[2024/21/25 12:21:15] [NOT FOUND] [/home/abhi/praktikum_tka_no.2/genshin_character/Klee.txt]
[2024/21/25 12:21:15] [NOT FOUND] [/home/abhi/praktikum_tka_no.2/genshin_character/Kujou Sara.txt]
[2024/21/25 12:21:15] [FOUND] [/home/abhi/praktikum_tka_no.2/genshin_character/Lisa.txt]
